//-------------------------- 6/30/2019 -- 18:58:15 -----
Console trace is off.
--------------------------------------------------------------------------------
Video Initialization:
--------------------------------------------------------------------------------
Video initialization:
   Accelerated OpenGL display device detected.

Activating the OpenGL display device...
Activating the OpenGL display device...
Setting screen mode to 1024x768x32 (w)...
Creating a new window...
Acquiring a new device context...
Pixel format set:
  32 color bits, 24 depth bits, 8 stencil bits
Creating a new rendering context...
Making the new rendering context current...
OpenGL driver information:
  Vendor: NVIDIA Corporation
  Renderer: GeForce 940MX/PCIe/SSE2
  Version: 4.6.0 NVIDIA 388.57
OpenGL Init: Enabled Extensions
  ARB_multitexture (Max Texture Units: 4)
  EXT_blend_color
  EXT_blend_minmax
  EXT_compiled_vertex_array
  NV_vertex_array_range
  EXT_texture_env_combine
  EXT_packed_pixels
  EXT_fog_coord
  ARB_texture_compression
  EXT_texture_compression_s3tc
  (ARB|EXT)_texture_env_add
  EXT_texture_filter_anisotropic (Max anisotropy: 16)
  WGL_EXT_swap_control
OpenGL Init: Disabled Extensions
  EXT_paletted_texture
  3DFX_texture_compression_FXT1

Max Texture Size reported as: 16384
OpenAL Driver Init
OpenAL Driver Init Success
E:/torque/Game/AlienShipGame/modules/AlienShipToy/1/main.cs (302): string always evaluates to 0.
E:/torque/Game/AlienShipGame/modules/AlienShipToy/1/main.cs (760): string always evaluates to 0.
E:/torque/Game/AlienShipGame/modules/AlienShipToy/1/main.cs (790): string always evaluates to 0.
E:/torque/Game/AlienShipGame/modules/AlienShipToy/1/main.cs (820): string always evaluates to 0.
2 Collide with ship
1 Collide with ship
3 Collide with ship
20
+++++++++++Enemy3
19
+++++++++++Enemy3
+++++++++++Enemy3
+++++++++++Enemy3
+++++++++++Enemy3
+++++++++++Enemy3
+++++++++++Enemy3
+++++++++++Enemy3
+++++++++++Enemy3
+++++++++++Enemy3
+++++++++++Enemy3
+++++++++++Enemy3
+++++++++++Enemy3
+++++++++++Enemy3
+++++++++++Enemy3
+++++++++++Enemy3
+++++++++++Enemy3
+++++++++++Enemy3
+++++++++++Enemy3
+++++++++++Enemy3
+++++++++++Enemy3
+++++++++++Enemy3
+++++++++++Enemy3
+++++++++++Enemy3
+++++++++++Enemy3
+++++++++++Enemy3
1 Collide with ship
2 Collide with ship
18
1 Collide with missile
1 Collide with missile
1 Collide with missile
1 Collide with missile
1 Collide with missile
1 Collide with missile
1 Collide with missile
1 Collide with missile
1 Collide with missile
1 Collide with missile
1 Collide with missile
1 Collide with missile
1 Collide with missile
1 Collide with missile
1 Collide with missile
1 Collide with missile
17
1 Collide with missile
1 Collide with missile
1 Collide with missile
1 Collide with missile
1 Collide with missile
1 Collide with missile
1 Collide with missile
1 Collide with missile
1 Collide with missile
1 Collide with missile
1 Collide with missile
1 Collide with missile
1 Collide with missile
1 Collide with missile
1 Collide with missile
1 Collide with missile
1 Collide with missile
1 Collide with missile
1 Collide with missile
1 Collide with missile
1 Collide with missile
1 Collide with missile
1 Collide with missile
1 Collide with missile
1 Collide with missile
1 Collide with missile
1 Collide with missile
1 Collide with missile
1 Collide with missile
1 Collide with missile
+++++++++++Enemy3
16
1 Collide with missile
1 Collide with missile
1 Collide with missile
1 Collide with missile
1 Collide with missile
1 Collide with missile
1 Collide with missile
1 Collide with missile
1 Collide with missile
1 Collide with missile
1 Collide with missile
1 Collide with missile
1 Collide with missile
1 Collide with missile
1 Collide with missile
1 Collide with missile
1 Collide with missile
1 Collide with missile
1 Collide with missile
1 Collide with missile
1 Collide with missile
1 Collide with missile
1 Collide with missile
1 Collide with missile
1 Collide with missile
15
+++++++++++Enemy2
14
13
1 Collide with missile
2 Collide with ship
12
+++++++++++Enemy3
11
+++++++++++Enemy3
10
+++++++++++Enemy3
+++++++++++Enemy3
+++++++++++Enemy3
+++++++++++Enemy3
+++++++++++Enemy3
+++++++++++Enemy3
+++++++++++Enemy3
+++++++++++Enemy3
+++++++++++Enemy3
+++++++++++Enemy3
+++++++++++Enemy3
+++++++++++Enemy3
+++++++++++Enemy3
+++++++++++Enemy3
+++++++++++Enemy3
+++++++++++Enemy3
+++++++++++Enemy3
+++++++++++Enemy3
+++++++++++Enemy3
+++++++++++Enemy3
+++++++++++Enemy3
+++++++++++Enemy3
+++++++++++Enemy3
+++++++++++Enemy3
+++++++++++Enemy3
+++++++++++Enemy2
9
1 Collide with missile
8
1 Collide with missile
1 Collide with missile
1 Collide with missile
1 Collide with missile
1 Collide with missile
1 Collide with missile
1 Collide with missile
1 Collide with missile
1 Collide with missile
1 Collide with missile
1 Collide with missile
1 Collide with missile
1 Collide with missile
1 Collide with missile
1 Collide with missile
1 Collide with missile
1 Collide with missile
1 Collide with missile
1 Collide with missile
1 Collide with missile
1 Collide with missile
1 Collide with missile
1 Collide with missile
1 Collide with missile
1 Collide with missile
1 Collide with missile
1 Collide with missile
1 Collide with missile
1 Collide with missile
1 Collide with missile
1 Collide with missile
1 Collide with missile
7
+++++++++++Enemy3
6
2 Collide with ship
5
+++++++++++Enemy2
4
+++++++++++Enemy2
+++++++++++Enemy2
+++++++++++Enemy2
+++++++++++Enemy2
+++++++++++Enemy2
+++++++++++Enemy2
+++++++++++Enemy2
+++++++++++Enemy2
+++++++++++Enemy2
+++++++++++Enemy2
+++++++++++Enemy2
+++++++++++Enemy2
+++++++++++Enemy2
+++++++++++Enemy2
+++++++++++Enemy2
+++++++++++Enemy2
+++++++++++Enemy2
+++++++++++Enemy2
+++++++++++Enemy2
+++++++++++Enemy2
+++++++++++Enemy2
+++++++++++Enemy2
+++++++++++Enemy2
+++++++++++Enemy2
+++++++++++Enemy2
+++++++++++Enemy2
+++++++++++Enemy3
3
1 Collide with ship
2
1
1 Collide with missile
3 Collide with ship
2 Collide with ship
Collide not with ship
Collide not with ship
Collide not with ship
3 Collide with ship
1 Collide with ship
2 Collide with ship
3 Collide with ship
1 Collide with ship
2 Collide with ship
2 Collide with ship
1 Collide with ship
Collide not with ship
2 Collide with ship
1 Collide with ship
Collide not with ship
1 Collide with ship
2 Collide with ship
3 Collide with ship
3 Collide with ship
1 Collide with ship
2 Collide with ship
2 Collide with ship
1 Collide with ship
Collide not with ship
1 Collide with ship
3 Collide with ship
2 Collide with ship
3 Collide with ship
1 Collide with ship
2 Collide with ship
3 Collide with ship
1 Collide with ship
2 Collide with ship
1 Collide with ship
3 Collide with ship
2 Collide with ship
3 Collide with ship
2 Collide with ship
Collide not with ship
2 Collide with ship
Collide not with ship
Collide not with ship
Shutting down the OpenGL display device...
Making the GL rendering context not current...
Deleting the GL rendering context...
Releasing the device context...
